Determining if the pthread_create exist failed with the following output:
Change Dir: /home/vedant/Desktop/Tailbench/apto/target/debug/build/energymon-default-sys-41827be02c68cdd9/out/build/CMakeFiles/CMakeTmp

Run Build Command:"/usr/bin/make" "cmTC_58aeb/fast"
/usr/bin/make -f CMakeFiles/cmTC_58aeb.dir/build.make CMakeFiles/cmTC_58aeb.dir/build
make[1]: Entering directory '/home/vedant/Desktop/Tailbench/apto/target/debug/build/energymon-default-sys-41827be02c68cdd9/out/build/CMakeFiles/CMakeTmp'
Building C object CMakeFiles/cmTC_58aeb.dir/CheckSymbolExists.c.o
/usr/bin/cc   -ffunction-sections -fdata-sections -fPIC -m64 -Wall -std=gnu99    -o CMakeFiles/cmTC_58aeb.dir/CheckSymbolExists.c.o   -c /home/vedant/Desktop/Tailbench/apto/target/debug/build/energymon-default-sys-41827be02c68cdd9/out/build/CMakeFiles/CMakeTmp/CheckSymbolExists.c
Linking C executable cmTC_58aeb
/usr/bin/cmake -E cmake_link_script CMakeFiles/cmTC_58aeb.dir/link.txt --verbose=1
/usr/bin/cc  -ffunction-sections -fdata-sections -fPIC -m64 -Wall -std=gnu99     -rdynamic CMakeFiles/cmTC_58aeb.dir/CheckSymbolExists.c.o  -o cmTC_58aeb 
CMakeFiles/cmTC_58aeb.dir/CheckSymbolExists.c.o: In function `main':
CheckSymbolExists.c:(.text.main+0x1b): undefined reference to `pthread_create'
collect2: error: ld returned 1 exit status
CMakeFiles/cmTC_58aeb.dir/build.make:97: recipe for target 'cmTC_58aeb' failed
make[1]: *** [cmTC_58aeb] Error 1
make[1]: Leaving directory '/home/vedant/Desktop/Tailbench/apto/target/debug/build/energymon-default-sys-41827be02c68cdd9/out/build/CMakeFiles/CMakeTmp'
Makefile:126: recipe for target 'cmTC_58aeb/fast' failed
make: *** [cmTC_58aeb/fast] Error 2

File /home/vedant/Desktop/Tailbench/apto/target/debug/build/energymon-default-sys-41827be02c68cdd9/out/build/CMakeFiles/CMakeTmp/CheckSymbolExists.c:
/* */
#include <pthread.h>

int main(int argc, char** argv)
{
  (void)argv;
#ifndef pthread_create
  return ((int*)(&pthread_create))[argc];
#else
  (void)argc;
  return 0;
#endif
}

Determining if the function pthread_create exists in the pthreads failed with the following output:
Change Dir: /home/vedant/Desktop/Tailbench/apto/target/debug/build/energymon-default-sys-41827be02c68cdd9/out/build/CMakeFiles/CMakeTmp

Run Build Command:"/usr/bin/make" "cmTC_dcabf/fast"
/usr/bin/make -f CMakeFiles/cmTC_dcabf.dir/build.make CMakeFiles/cmTC_dcabf.dir/build
make[1]: Entering directory '/home/vedant/Desktop/Tailbench/apto/target/debug/build/energymon-default-sys-41827be02c68cdd9/out/build/CMakeFiles/CMakeTmp'
Building C object CMakeFiles/cmTC_dcabf.dir/CheckFunctionExists.c.o
/usr/bin/cc   -ffunction-sections -fdata-sections -fPIC -m64 -Wall -std=gnu99 -DCHECK_FUNCTION_EXISTS=pthread_create   -o CMakeFiles/cmTC_dcabf.dir/CheckFunctionExists.c.o   -c /usr/share/cmake-3.10/Modules/CheckFunctionExists.c
Linking C executable cmTC_dcabf
/usr/bin/cmake -E cmake_link_script CMakeFiles/cmTC_dcabf.dir/link.txt --verbose=1
/usr/bin/cc  -ffunction-sections -fdata-sections -fPIC -m64 -Wall -std=gnu99 -DCHECK_FUNCTION_EXISTS=pthread_create    -rdynamic CMakeFiles/cmTC_dcabf.dir/CheckFunctionExists.c.o  -o cmTC_dcabf -lpthreads 
/usr/bin/ld: cannot find -lpthreads
collect2: error: ld returned 1 exit status
CMakeFiles/cmTC_dcabf.dir/build.make:97: recipe for target 'cmTC_dcabf' failed
make[1]: *** [cmTC_dcabf] Error 1
make[1]: Leaving directory '/home/vedant/Desktop/Tailbench/apto/target/debug/build/energymon-default-sys-41827be02c68cdd9/out/build/CMakeFiles/CMakeTmp'
Makefile:126: recipe for target 'cmTC_dcabf/fast' failed
make: *** [cmTC_dcabf/fast] Error 2


